<?xml version="1.0" encoding="UTF-8"?>
<!-- Generated by org.testng.reporters.JUnitReportReporter -->
<testsuite skipped="0" hostname="IEVL565" name="test.WorkUaLoginTest" tests="2" failures="0" timestamp="2019-09-24T19:19:50 EEST" time="2.667" errors="0">
  <testcase name="CheckLoginWithEmptyFields" time="1.893" classname="test.WorkUaLoginTest"/>
  <testcase name="setRightEmailAndemptyPassword" time="0.774" classname="test.WorkUaLoginTest"/>
</testsuite> <!-- test.WorkUaLoginTest -->
